2026-01-21 13:24:38,331 - pomodoro_app - INFO - Created data directory
2026-01-21 13:24:38,331 - pomodoro_app - INFO - Created data directory
2026-01-21 13:24:38,331 - pomodoro_app - INFO - Created data directory
2026-01-21 13:24:38,331 - pomodoro_app - INFO - Created data directory
2026-01-21 13:24:38,332 - pomodoro_app - INFO - Sessions file not found, starting with empty sessions
2026-01-21 13:24:38,332 - pomodoro_app - INFO - Sessions file not found, starting with empty sessions
2026-01-21 13:24:38,332 - pomodoro_app - INFO - Sessions file not found, starting with empty sessions
2026-01-21 13:24:38,332 - pomodoro_app - INFO - Sessions file not found, starting with empty sessions
2026-01-21 13:24:38,333 - pomodoro_app - INFO - Settings file not found, using defaults
2026-01-21 13:24:38,333 - pomodoro_app - INFO - Settings file not found, using defaults
2026-01-21 13:24:38,333 - pomodoro_app - INFO - Settings file not found, using defaults
2026-01-21 13:24:38,333 - pomodoro_app - INFO - Settings file not found, using defaults
2026-01-21 13:24:38,334 - pomodoro_app - INFO - TimerLogic initialized
2026-01-21 13:24:38,334 - pomodoro_app - INFO - TimerLogic initialized
2026-01-21 13:24:38,334 - pomodoro_app - INFO - TimerLogic initialized
2026-01-21 13:24:38,334 - pomodoro_app - INFO - TimerLogic initialized
2026-01-21 13:24:38,552 - pomodoro_app - INFO - Timer reset
2026-01-21 13:24:38,552 - pomodoro_app - INFO - Timer reset
2026-01-21 13:24:38,552 - pomodoro_app - INFO - Timer reset
2026-01-21 13:24:38,552 - pomodoro_app - INFO - Timer reset
2026-01-21 13:24:38,553 - pomodoro_app - INFO - Times updated: work=25, short=5, long=15, sessions=4
2026-01-21 13:24:38,553 - pomodoro_app - INFO - Times updated: work=25, short=5, long=15, sessions=4
2026-01-21 13:24:38,553 - pomodoro_app - INFO - Times updated: work=25, short=5, long=15, sessions=4
2026-01-21 13:24:38,553 - pomodoro_app - INFO - Times updated: work=25, short=5, long=15, sessions=4
2026-01-21 13:24:38,554 - pomodoro_app - INFO - Controller initialized
2026-01-21 13:24:38,554 - pomodoro_app - INFO - Controller initialized
2026-01-21 13:24:38,554 - pomodoro_app - INFO - Controller initialized
2026-01-21 13:24:38,554 - pomodoro_app - INFO - Controller initialized
2026-01-21 13:24:38,554 - pomodoro_app - INFO - Pomodoro App initialized
2026-01-21 13:24:38,554 - pomodoro_app - INFO - Pomodoro App initialized
2026-01-21 13:24:38,554 - pomodoro_app - INFO - Pomodoro App initialized
2026-01-21 13:24:38,554 - pomodoro_app - INFO - Pomodoro App initialized
2026-01-21 13:24:41,338 - pomodoro_app - INFO - Timer reset
2026-01-21 13:24:41,338 - pomodoro_app - INFO - Timer reset
2026-01-21 13:24:41,338 - pomodoro_app - INFO - Timer reset
2026-01-21 13:24:41,338 - pomodoro_app - INFO - Timer reset
2026-01-21 13:24:41,342 - pomodoro_app - INFO - Times updated: work=24, short=5, long=15, sessions=4
2026-01-21 13:24:41,342 - pomodoro_app - INFO - Times updated: work=24, short=5, long=15, sessions=4
2026-01-21 13:24:41,342 - pomodoro_app - INFO - Times updated: work=24, short=5, long=15, sessions=4
2026-01-21 13:24:41,342 - pomodoro_app - INFO - Times updated: work=24, short=5, long=15, sessions=4
2026-01-21 13:24:41,348 - pomodoro_app - INFO - Saved settings data
2026-01-21 13:24:41,348 - pomodoro_app - INFO - Saved settings data
2026-01-21 13:24:41,348 - pomodoro_app - INFO - Saved settings data
2026-01-21 13:24:41,348 - pomodoro_app - INFO - Saved settings data
2026-01-21 13:24:41,351 - pomodoro_app - INFO - Updated settings: {'work_time': 24, 'short_break': 5, 'long_break': 15, 'sessions_before_long': 4}
2026-01-21 13:24:41,351 - pomodoro_app - INFO - Updated settings: {'work_time': 24, 'short_break': 5, 'long_break': 15, 'sessions_before_long': 4}
2026-01-21 13:24:41,351 - pomodoro_app - INFO - Updated settings: {'work_time': 24, 'short_break': 5, 'long_break': 15, 'sessions_before_long': 4}
2026-01-21 13:24:41,351 - pomodoro_app - INFO - Updated settings: {'work_time': 24, 'short_break': 5, 'long_break': 15, 'sessions_before_long': 4}
2026-01-21 13:24:41,929 - pomodoro_app - INFO - Timer reset
2026-01-21 13:24:41,929 - pomodoro_app - INFO - Timer reset
2026-01-21 13:24:41,929 - pomodoro_app - INFO - Timer reset
2026-01-21 13:24:41,929 - pomodoro_app - INFO - Timer reset
2026-01-21 13:24:41,933 - pomodoro_app - INFO - Times updated: work=25, short=5, long=15, sessions=4
2026-01-21 13:24:41,933 - pomodoro_app - INFO - Times updated: work=25, short=5, long=15, sessions=4
2026-01-21 13:24:41,933 - pomodoro_app - INFO - Times updated: work=25, short=5, long=15, sessions=4
2026-01-21 13:24:41,933 - pomodoro_app - INFO - Times updated: work=25, short=5, long=15, sessions=4
2026-01-21 13:24:41,939 - pomodoro_app - INFO - Saved settings data
2026-01-21 13:24:41,939 - pomodoro_app - INFO - Saved settings data
2026-01-21 13:24:41,939 - pomodoro_app - INFO - Saved settings data
2026-01-21 13:24:41,939 - pomodoro_app - INFO - Saved settings data
2026-01-21 13:24:41,941 - pomodoro_app - INFO - Updated settings: {'work_time': 25, 'short_break': 5, 'long_break': 15, 'sessions_before_long': 4}
2026-01-21 13:24:41,941 - pomodoro_app - INFO - Updated settings: {'work_time': 25, 'short_break': 5, 'long_break': 15, 'sessions_before_long': 4}
2026-01-21 13:24:41,941 - pomodoro_app - INFO - Updated settings: {'work_time': 25, 'short_break': 5, 'long_break': 15, 'sessions_before_long': 4}
2026-01-21 13:24:41,941 - pomodoro_app - INFO - Updated settings: {'work_time': 25, 'short_break': 5, 'long_break': 15, 'sessions_before_long': 4}
2026-01-21 13:24:42,629 - pomodoro_app - INFO - Timer reset
2026-01-21 13:24:42,629 - pomodoro_app - INFO - Timer reset
2026-01-21 13:24:42,629 - pomodoro_app - INFO - Timer reset
2026-01-21 13:24:42,629 - pomodoro_app - INFO - Timer reset
2026-01-21 13:24:42,630 - pomodoro_app - INFO - Times updated: work=26, short=5, long=15, sessions=4
2026-01-21 13:24:42,630 - pomodoro_app - INFO - Times updated: work=26, short=5, long=15, sessions=4
2026-01-21 13:24:42,630 - pomodoro_app - INFO - Times updated: work=26, short=5, long=15, sessions=4
2026-01-21 13:24:42,630 - pomodoro_app - INFO - Times updated: work=26, short=5, long=15, sessions=4
2026-01-21 13:24:42,631 - pomodoro_app - INFO - Saved settings data
2026-01-21 13:24:42,631 - pomodoro_app - INFO - Saved settings data
2026-01-21 13:24:42,631 - pomodoro_app - INFO - Saved settings data
2026-01-21 13:24:42,631 - pomodoro_app - INFO - Saved settings data
2026-01-21 13:24:42,631 - pomodoro_app - INFO - Updated settings: {'work_time': 26, 'short_break': 5, 'long_break': 15, 'sessions_before_long': 4}
2026-01-21 13:24:42,631 - pomodoro_app - INFO - Updated settings: {'work_time': 26, 'short_break': 5, 'long_break': 15, 'sessions_before_long': 4}
2026-01-21 13:24:42,631 - pomodoro_app - INFO - Updated settings: {'work_time': 26, 'short_break': 5, 'long_break': 15, 'sessions_before_long': 4}
2026-01-21 13:24:42,631 - pomodoro_app - INFO - Updated settings: {'work_time': 26, 'short_break': 5, 'long_break': 15, 'sessions_before_long': 4}
2026-01-21 13:24:43,222 - pomodoro_app - INFO - Timer reset
2026-01-21 13:24:43,222 - pomodoro_app - INFO - Timer reset
2026-01-21 13:24:43,222 - pomodoro_app - INFO - Timer reset
2026-01-21 13:24:43,222 - pomodoro_app - INFO - Timer reset
2026-01-21 13:24:43,225 - pomodoro_app - INFO - Times updated: work=25, short=5, long=15, sessions=4
2026-01-21 13:24:43,225 - pomodoro_app - INFO - Times updated: work=25, short=5, long=15, sessions=4
2026-01-21 13:24:43,225 - pomodoro_app - INFO - Times updated: work=25, short=5, long=15, sessions=4
2026-01-21 13:24:43,225 - pomodoro_app - INFO - Times updated: work=25, short=5, long=15, sessions=4
2026-01-21 13:24:43,231 - pomodoro_app - INFO - Saved settings data
2026-01-21 13:24:43,231 - pomodoro_app - INFO - Saved settings data
2026-01-21 13:24:43,231 - pomodoro_app - INFO - Saved settings data
2026-01-21 13:24:43,231 - pomodoro_app - INFO - Saved settings data
2026-01-21 13:24:43,234 - pomodoro_app - INFO - Updated settings: {'work_time': 25, 'short_break': 5, 'long_break': 15, 'sessions_before_long': 4}
2026-01-21 13:24:43,234 - pomodoro_app - INFO - Updated settings: {'work_time': 25, 'short_break': 5, 'long_break': 15, 'sessions_before_long': 4}
2026-01-21 13:24:43,234 - pomodoro_app - INFO - Updated settings: {'work_time': 25, 'short_break': 5, 'long_break': 15, 'sessions_before_long': 4}
2026-01-21 13:24:43,234 - pomodoro_app - INFO - Updated settings: {'work_time': 25, 'short_break': 5, 'long_break': 15, 'sessions_before_long': 4}
2026-01-21 13:24:43,675 - pomodoro_app - INFO - Timer reset
2026-01-21 13:24:43,675 - pomodoro_app - INFO - Timer reset
2026-01-21 13:24:43,675 - pomodoro_app - INFO - Timer reset
2026-01-21 13:24:43,675 - pomodoro_app - INFO - Timer reset
2026-01-21 13:24:43,679 - pomodoro_app - INFO - Times updated: work=24, short=5, long=15, sessions=4
2026-01-21 13:24:43,679 - pomodoro_app - INFO - Times updated: work=24, short=5, long=15, sessions=4
2026-01-21 13:24:43,679 - pomodoro_app - INFO - Times updated: work=24, short=5, long=15, sessions=4
2026-01-21 13:24:43,679 - pomodoro_app - INFO - Times updated: work=24, short=5, long=15, sessions=4
2026-01-21 13:24:43,684 - pomodoro_app - INFO - Saved settings data
2026-01-21 13:24:43,684 - pomodoro_app - INFO - Saved settings data
2026-01-21 13:24:43,684 - pomodoro_app - INFO - Saved settings data
2026-01-21 13:24:43,684 - pomodoro_app - INFO - Saved settings data
2026-01-21 13:24:43,687 - pomodoro_app - INFO - Updated settings: {'work_time': 24, 'short_break': 5, 'long_break': 15, 'sessions_before_long': 4}
2026-01-21 13:24:43,687 - pomodoro_app - INFO - Updated settings: {'work_time': 24, 'short_break': 5, 'long_break': 15, 'sessions_before_long': 4}
2026-01-21 13:24:43,687 - pomodoro_app - INFO - Updated settings: {'work_time': 24, 'short_break': 5, 'long_break': 15, 'sessions_before_long': 4}
2026-01-21 13:24:43,687 - pomodoro_app - INFO - Updated settings: {'work_time': 24, 'short_break': 5, 'long_break': 15, 'sessions_before_long': 4}
2026-01-21 13:24:44,117 - pomodoro_app - INFO - Timer reset
2026-01-21 13:24:44,117 - pomodoro_app - INFO - Timer reset
2026-01-21 13:24:44,117 - pomodoro_app - INFO - Timer reset
2026-01-21 13:24:44,117 - pomodoro_app - INFO - Timer reset
2026-01-21 13:24:44,118 - pomodoro_app - INFO - Times updated: work=25, short=5, long=15, sessions=4
2026-01-21 13:24:44,118 - pomodoro_app - INFO - Times updated: work=25, short=5, long=15, sessions=4
2026-01-21 13:24:44,118 - pomodoro_app - INFO - Times updated: work=25, short=5, long=15, sessions=4
2026-01-21 13:24:44,118 - pomodoro_app - INFO - Times updated: work=25, short=5, long=15, sessions=4
2026-01-21 13:24:44,119 - pomodoro_app - INFO - Saved settings data
2026-01-21 13:24:44,119 - pomodoro_app - INFO - Saved settings data
2026-01-21 13:24:44,119 - pomodoro_app - INFO - Saved settings data
2026-01-21 13:24:44,119 - pomodoro_app - INFO - Saved settings data
2026-01-21 13:24:44,120 - pomodoro_app - INFO - Updated settings: {'work_time': 25, 'short_break': 5, 'long_break': 15, 'sessions_before_long': 4}
2026-01-21 13:24:44,120 - pomodoro_app - INFO - Updated settings: {'work_time': 25, 'short_break': 5, 'long_break': 15, 'sessions_before_long': 4}
2026-01-21 13:24:44,120 - pomodoro_app - INFO - Updated settings: {'work_time': 25, 'short_break': 5, 'long_break': 15, 'sessions_before_long': 4}
2026-01-21 13:24:44,120 - pomodoro_app - INFO - Updated settings: {'work_time': 25, 'short_break': 5, 'long_break': 15, 'sessions_before_long': 4}
2026-01-21 13:24:44,435 - pomodoro_app - INFO - Timer reset
2026-01-21 13:24:44,435 - pomodoro_app - INFO - Timer reset
2026-01-21 13:24:44,435 - pomodoro_app - INFO - Timer reset
2026-01-21 13:24:44,435 - pomodoro_app - INFO - Timer reset
2026-01-21 13:24:44,436 - pomodoro_app - INFO - Times updated: work=26, short=5, long=15, sessions=4
2026-01-21 13:24:44,436 - pomodoro_app - INFO - Times updated: work=26, short=5, long=15, sessions=4
2026-01-21 13:24:44,436 - pomodoro_app - INFO - Times updated: work=26, short=5, long=15, sessions=4
2026-01-21 13:24:44,436 - pomodoro_app - INFO - Times updated: work=26, short=5, long=15, sessions=4
2026-01-21 13:24:44,437 - pomodoro_app - INFO - Saved settings data
2026-01-21 13:24:44,437 - pomodoro_app - INFO - Saved settings data
2026-01-21 13:24:44,437 - pomodoro_app - INFO - Saved settings data
2026-01-21 13:24:44,437 - pomodoro_app - INFO - Saved settings data
2026-01-21 13:24:44,438 - pomodoro_app - INFO - Updated settings: {'work_time': 26, 'short_break': 5, 'long_break': 15, 'sessions_before_long': 4}
2026-01-21 13:24:44,438 - pomodoro_app - INFO - Updated settings: {'work_time': 26, 'short_break': 5, 'long_break': 15, 'sessions_before_long': 4}
2026-01-21 13:24:44,438 - pomodoro_app - INFO - Updated settings: {'work_time': 26, 'short_break': 5, 'long_break': 15, 'sessions_before_long': 4}
2026-01-21 13:24:44,438 - pomodoro_app - INFO - Updated settings: {'work_time': 26, 'short_break': 5, 'long_break': 15, 'sessions_before_long': 4}
2026-01-21 13:24:44,877 - pomodoro_app - INFO - Timer reset
2026-01-21 13:24:44,877 - pomodoro_app - INFO - Timer reset
2026-01-21 13:24:44,877 - pomodoro_app - INFO - Timer reset
2026-01-21 13:24:44,877 - pomodoro_app - INFO - Timer reset
2026-01-21 13:24:44,880 - pomodoro_app - INFO - Times updated: work=25, short=5, long=15, sessions=4
2026-01-21 13:24:44,880 - pomodoro_app - INFO - Times updated: work=25, short=5, long=15, sessions=4
2026-01-21 13:24:44,880 - pomodoro_app - INFO - Times updated: work=25, short=5, long=15, sessions=4
2026-01-21 13:24:44,880 - pomodoro_app - INFO - Times updated: work=25, short=5, long=15, sessions=4
2026-01-21 13:24:44,886 - pomodoro_app - INFO - Saved settings data
2026-01-21 13:24:44,886 - pomodoro_app - INFO - Saved settings data
2026-01-21 13:24:44,886 - pomodoro_app - INFO - Saved settings data
2026-01-21 13:24:44,886 - pomodoro_app - INFO - Saved settings data
2026-01-21 13:24:44,889 - pomodoro_app - INFO - Updated settings: {'work_time': 25, 'short_break': 5, 'long_break': 15, 'sessions_before_long': 4}
2026-01-21 13:24:44,889 - pomodoro_app - INFO - Updated settings: {'work_time': 25, 'short_break': 5, 'long_break': 15, 'sessions_before_long': 4}
2026-01-21 13:24:44,889 - pomodoro_app - INFO - Updated settings: {'work_time': 25, 'short_break': 5, 'long_break': 15, 'sessions_before_long': 4}
2026-01-21 13:24:44,889 - pomodoro_app - INFO - Updated settings: {'work_time': 25, 'short_break': 5, 'long_break': 15, 'sessions_before_long': 4}
2026-01-21 13:30:48,047 - pomodoro_app - INFO - Sessions file not found, starting with empty sessions
2026-01-21 13:30:48,047 - pomodoro_app - INFO - Sessions file not found, starting with empty sessions
2026-01-21 13:30:48,047 - pomodoro_app - INFO - Sessions file not found, starting with empty sessions
2026-01-21 13:30:48,047 - pomodoro_app - INFO - Sessions file not found, starting with empty sessions
2026-01-21 13:30:48,050 - pomodoro_app - INFO - Loaded settings data
2026-01-21 13:30:48,050 - pomodoro_app - INFO - Loaded settings data
2026-01-21 13:30:48,050 - pomodoro_app - INFO - Loaded settings data
2026-01-21 13:30:48,050 - pomodoro_app - INFO - Loaded settings data
2026-01-21 13:30:48,052 - pomodoro_app - INFO - TimerLogic initialized
2026-01-21 13:30:48,052 - pomodoro_app - INFO - TimerLogic initialized
2026-01-21 13:30:48,052 - pomodoro_app - INFO - TimerLogic initialized
2026-01-21 13:30:48,052 - pomodoro_app - INFO - TimerLogic initialized
2026-01-21 13:30:48,296 - pomodoro_app - INFO - Timer reset
2026-01-21 13:30:48,296 - pomodoro_app - INFO - Timer reset
2026-01-21 13:30:48,296 - pomodoro_app - INFO - Timer reset
2026-01-21 13:30:48,296 - pomodoro_app - INFO - Timer reset
2026-01-21 13:30:48,297 - pomodoro_app - INFO - Times updated: work=25, short=5, long=15, sessions=4
2026-01-21 13:30:48,297 - pomodoro_app - INFO - Times updated: work=25, short=5, long=15, sessions=4
2026-01-21 13:30:48,297 - pomodoro_app - INFO - Times updated: work=25, short=5, long=15, sessions=4
2026-01-21 13:30:48,297 - pomodoro_app - INFO - Times updated: work=25, short=5, long=15, sessions=4
2026-01-21 13:30:48,297 - pomodoro_app - INFO - Controller initialized
2026-01-21 13:30:48,297 - pomodoro_app - INFO - Controller initialized
2026-01-21 13:30:48,297 - pomodoro_app - INFO - Controller initialized
2026-01-21 13:30:48,297 - pomodoro_app - INFO - Controller initialized
2026-01-21 13:30:48,298 - pomodoro_app - INFO - Pomodoro App initialized
2026-01-21 13:30:48,298 - pomodoro_app - INFO - Pomodoro App initialized
2026-01-21 13:30:48,298 - pomodoro_app - INFO - Pomodoro App initialized
2026-01-21 13:30:48,298 - pomodoro_app - INFO - Pomodoro App initialized
2026-01-21 13:30:52,326 - pomodoro_app - INFO - Timer reset
2026-01-21 13:30:52,326 - pomodoro_app - INFO - Timer reset
2026-01-21 13:30:52,326 - pomodoro_app - INFO - Timer reset
2026-01-21 13:30:52,326 - pomodoro_app - INFO - Timer reset
2026-01-21 13:30:52,327 - pomodoro_app - INFO - Times updated: work=26, short=5, long=15, sessions=4
2026-01-21 13:30:52,327 - pomodoro_app - INFO - Times updated: work=26, short=5, long=15, sessions=4
2026-01-21 13:30:52,327 - pomodoro_app - INFO - Times updated: work=26, short=5, long=15, sessions=4
2026-01-21 13:30:52,327 - pomodoro_app - INFO - Times updated: work=26, short=5, long=15, sessions=4
2026-01-21 13:30:52,329 - pomodoro_app - INFO - Saved settings data
2026-01-21 13:30:52,329 - pomodoro_app - INFO - Saved settings data
2026-01-21 13:30:52,329 - pomodoro_app - INFO - Saved settings data
2026-01-21 13:30:52,329 - pomodoro_app - INFO - Saved settings data
2026-01-21 13:30:52,329 - pomodoro_app - INFO - Updated settings: {'work_time': 26, 'short_break': 5, 'long_break': 15, 'sessions_before_long': 4}
2026-01-21 13:30:52,329 - pomodoro_app - INFO - Updated settings: {'work_time': 26, 'short_break': 5, 'long_break': 15, 'sessions_before_long': 4}
2026-01-21 13:30:52,329 - pomodoro_app - INFO - Updated settings: {'work_time': 26, 'short_break': 5, 'long_break': 15, 'sessions_before_long': 4}
2026-01-21 13:30:52,329 - pomodoro_app - INFO - Updated settings: {'work_time': 26, 'short_break': 5, 'long_break': 15, 'sessions_before_long': 4}
2026-01-21 13:30:52,684 - pomodoro_app - INFO - Timer reset
2026-01-21 13:30:52,684 - pomodoro_app - INFO - Timer reset
2026-01-21 13:30:52,684 - pomodoro_app - INFO - Timer reset
2026-01-21 13:30:52,684 - pomodoro_app - INFO - Timer reset
2026-01-21 13:30:52,685 - pomodoro_app - INFO - Times updated: work=25, short=5, long=15, sessions=4
2026-01-21 13:30:52,685 - pomodoro_app - INFO - Times updated: work=25, short=5, long=15, sessions=4
2026-01-21 13:30:52,685 - pomodoro_app - INFO - Times updated: work=25, short=5, long=15, sessions=4
2026-01-21 13:30:52,685 - pomodoro_app - INFO - Times updated: work=25, short=5, long=15, sessions=4
2026-01-21 13:30:52,686 - pomodoro_app - INFO - Saved settings data
2026-01-21 13:30:52,686 - pomodoro_app - INFO - Saved settings data
2026-01-21 13:30:52,686 - pomodoro_app - INFO - Saved settings data
2026-01-21 13:30:52,686 - pomodoro_app - INFO - Saved settings data
2026-01-21 13:30:52,687 - pomodoro_app - INFO - Updated settings: {'work_time': 25, 'short_break': 5, 'long_break': 15, 'sessions_before_long': 4}
2026-01-21 13:30:52,687 - pomodoro_app - INFO - Updated settings: {'work_time': 25, 'short_break': 5, 'long_break': 15, 'sessions_before_long': 4}
2026-01-21 13:30:52,687 - pomodoro_app - INFO - Updated settings: {'work_time': 25, 'short_break': 5, 'long_break': 15, 'sessions_before_long': 4}
2026-01-21 13:30:52,687 - pomodoro_app - INFO - Updated settings: {'work_time': 25, 'short_break': 5, 'long_break': 15, 'sessions_before_long': 4}
2026-01-21 13:31:03,197 - pomodoro_app - INFO - Timer started
2026-01-21 13:31:03,197 - pomodoro_app - INFO - Timer started
2026-01-21 13:31:03,197 - pomodoro_app - INFO - Timer started
2026-01-21 13:31:03,197 - pomodoro_app - INFO - Timer started
2026-01-21 13:31:03,198 - pomodoro_app - INFO - Timer started
2026-01-21 13:31:03,198 - pomodoro_app - INFO - Timer started
2026-01-21 13:31:03,198 - pomodoro_app - INFO - Timer started
2026-01-21 13:31:03,198 - pomodoro_app - INFO - Timer started
2026-01-21 13:37:22,212 - pomodoro_app - INFO - Timer reset
2026-01-21 13:37:22,212 - pomodoro_app - INFO - Timer reset
2026-01-21 13:37:22,212 - pomodoro_app - INFO - Timer reset
2026-01-21 13:37:22,212 - pomodoro_app - INFO - Timer reset
2026-01-21 13:37:22,213 - pomodoro_app - INFO - Timer reset
2026-01-21 13:37:22,213 - pomodoro_app - INFO - Timer reset
2026-01-21 13:37:22,213 - pomodoro_app - INFO - Timer reset
2026-01-21 13:37:22,213 - pomodoro_app - INFO - Timer reset
